[2025-05-16T02:35:28.095+0000] {logging_mixin.py:151} WARNING - /home/***/.local/lib/python3.8/site-packages/***/utils/sqlalchemy.py:124 DeprecationWarning: The sql_alchemy_conn option in [core] has been moved to the sql_alchemy_conn option in [database] - the old setting has been used, but please update your config.
[2025-05-16T02:35:28.113+0000] {taskinstance.py:1159} INFO - Dependencies all met for dep_context=non-requeueable deps ti=<TaskInstance: job_data_pipeline.scrape_jobspy scheduled__2025-05-15T00:00:00+00:00 [queued]>
[2025-05-16T02:35:28.127+0000] {taskinstance.py:1159} INFO - Dependencies all met for dep_context=requeueable deps ti=<TaskInstance: job_data_pipeline.scrape_jobspy scheduled__2025-05-15T00:00:00+00:00 [queued]>
[2025-05-16T02:35:28.128+0000] {taskinstance.py:1361} INFO - Starting attempt 1 of 2
[2025-05-16T02:35:28.150+0000] {taskinstance.py:1382} INFO - Executing <Task(PythonOperator): scrape_jobspy> on 2025-05-15 00:00:00+00:00
[2025-05-16T02:35:28.159+0000] {standard_task_runner.py:57} INFO - Started process 250 to run task
[2025-05-16T02:35:28.169+0000] {standard_task_runner.py:84} INFO - Running: ['***', 'tasks', 'run', 'job_data_pipeline', 'scrape_jobspy', 'scheduled__2025-05-15T00:00:00+00:00', '--job-id', '3', '--raw', '--subdir', 'DAGS_FOLDER/AirflowDAG/dags/job_pipeline_dag.py', '--cfg-path', '/tmp/tmp6qt4tx15']
[2025-05-16T02:35:28.179+0000] {standard_task_runner.py:85} INFO - Job 3: Subtask scrape_jobspy
[2025-05-16T02:35:28.234+0000] {logging_mixin.py:151} WARNING - /home/***/.local/lib/python3.8/site-packages/***/settings.py:195 DeprecationWarning: The sql_alchemy_conn option in [core] has been moved to the sql_alchemy_conn option in [database] - the old setting has been used, but please update your config.
[2025-05-16T02:35:28.298+0000] {task_command.py:415} INFO - Running <TaskInstance: job_data_pipeline.scrape_jobspy scheduled__2025-05-15T00:00:00+00:00 [running]> on host 86832ba25ceb
[2025-05-16T02:35:28.315+0000] {logging_mixin.py:151} WARNING - /home/***/.local/lib/python3.8/site-packages/***/utils/sqlalchemy.py:124 DeprecationWarning: The sql_alchemy_conn option in [core] has been moved to the sql_alchemy_conn option in [database] - the old setting has been used, but please update your config.
[2025-05-16T02:35:28.411+0000] {taskinstance.py:1660} INFO - Exporting env vars: AIRFLOW_CTX_DAG_OWNER='***' AIRFLOW_CTX_DAG_ID='job_data_pipeline' AIRFLOW_CTX_TASK_ID='scrape_jobspy' AIRFLOW_CTX_EXECUTION_DATE='2025-05-15T00:00:00+00:00' AIRFLOW_CTX_TRY_NUMBER='1' AIRFLOW_CTX_DAG_RUN_ID='scheduled__2025-05-15T00:00:00+00:00'
[2025-05-16T02:35:28.626+0000] {taskinstance.py:1943} ERROR - Task failed with exception
Traceback (most recent call last):
  File "/home/airflow/.local/lib/python3.8/site-packages/airflow/operators/python.py", line 192, in execute
    return_value = self.execute_callable()
  File "/home/airflow/.local/lib/python3.8/site-packages/airflow/operators/python.py", line 209, in execute_callable
    return self.python_callable(*self.op_args, **self.op_kwargs)
  File "/opt/airflow/dags/AirflowDAG/dags/job_pipeline_dag.py", line 8, in run_script
    subprocess.run(["python", script_path], check=True)
  File "/usr/local/lib/python3.8/subprocess.py", line 516, in run
    raise CalledProcessError(retcode, process.args,
subprocess.CalledProcessError: Command '['python', 'src/data_gathering/JobSpy.py']' returned non-zero exit status 2.
[2025-05-16T02:35:28.645+0000] {taskinstance.py:1400} INFO - Marking task as UP_FOR_RETRY. dag_id=job_data_pipeline, task_id=scrape_jobspy, execution_date=20250515T000000, start_date=20250516T023528, end_date=20250516T023528
[2025-05-16T02:35:28.677+0000] {standard_task_runner.py:104} ERROR - Failed to execute job 3 for task scrape_jobspy (Command '['python', 'src/data_gathering/JobSpy.py']' returned non-zero exit status 2.; 250)
[2025-05-16T02:35:28.710+0000] {local_task_job_runner.py:228} INFO - Task exited with return code 1
[2025-05-16T02:35:28.765+0000] {taskinstance.py:2784} INFO - 0 downstream tasks scheduled from follow-on schedule check
